[2026-03-07T21:40:02+08:00] artifacts=['automation/reports/git_activity.md', 'automation/outputs/pm/risk_log.md']; notes=已更新 Git 活动与风险日志
[2026-03-07T21:41:18+08:00] artifacts=['automation/reports/git_activity.md', 'automation/outputs/pm/risk_log.md']; notes=已更新 Git 活动与风险日志
[2026-03-07T21:43:35+08:00] artifacts=['automation/reports/git_activity.md', 'automation/outputs/pm/risk_log.md']; notes=已更新 Git 活动与风险日志
[2026-03-07T21:48:46+08:00] artifacts=['automation/reports/git_activity.md', 'automation/outputs/pm/risk_log.md']; notes=已更新 Git 活动与风险日志
[2026-03-07T21:50:01+08:00] artifacts=['automation/reports/git_activity.md', 'automation/outputs/pm/risk_log.md']; notes=已更新 Git 活动与风险日志
[2026-03-07T21:50:01+08:00] artifacts=['automation/reports/git_activity.md', 'automation/outputs/pm/risk_log.md']; notes=已更新 Git 活动与风险日志
[2026-03-07T22:00:02+08:00] artifacts=['automation/reports/git_activity.md', 'automation/outputs/pm/risk_log.md']; notes=已更新 Git 活动与风险日志
[2026-03-07T22:00:03+08:00] artifacts=['automation/reports/git_activity.md', 'automation/outputs/pm/risk_log.md']; notes=已更新 Git 活动与风险日志
[2026-03-07T22:10:01+08:00] artifacts=['automation/reports/git_activity.md', 'automation/outputs/pm/risk_log.md']; notes=已更新 Git 活动与风险日志
[2026-03-07T22:10:01+08:00] artifacts=['automation/reports/git_activity.md', 'automation/outputs/pm/risk_log.md']; notes=已更新 Git 活动与风险日志
[2026-03-07T22:20:02+08:00] artifacts=['automation/reports/git_activity.md', 'automation/outputs/pm/risk_log.md']; notes=已更新 Git 活动与风险日志
[2026-03-07T22:20:02+08:00] artifacts=['automation/reports/git_activity.md', 'automation/outputs/pm/risk_log.md']; notes=已更新 Git 活动与风险日志
[2026-03-07T22:30:01+08:00] artifacts=['automation/reports/git_activity.md', 'automation/outputs/pm/risk_log.md']; notes=已更新 Git 活动与风险日志
[2026-03-07T22:30:02+08:00] artifacts=['automation/reports/git_activity.md', 'automation/outputs/pm/risk_log.md']; notes=已更新 Git 活动与风险日志
[2026-03-07T22:40:00+08:00] artifacts=['automation/reports/git_activity.md', 'automation/outputs/pm/risk_log.md', 'automation/reports/daily_report.md']; notes=已更新 Git 活动、风险日志与日报（含排期偏差）
[2026-03-07T22:40:01+08:00] artifacts=['automation/reports/git_activity.md', 'automation/outputs/pm/risk_log.md', 'automation/reports/daily_report.md']; notes=已更新 Git 活动、风险日志与日报（含排期偏差）
[2026-03-07T22:40:01+08:00] artifacts=['automation/reports/git_activity.md', 'automation/outputs/pm/risk_log.md', 'automation/reports/daily_report.md']; notes=已更新 Git 活动、风险日志与日报（含排期偏差）
[2026-03-07T22:40:21+08:00] artifacts=['automation/reports/git_activity.md', 'automation/outputs/pm/risk_log.md', 'automation/reports/daily_report.md']; notes=已更新 Git 活动、风险日志与日报（含排期偏差）
[2026-03-07T22:50:02+08:00] artifacts=['automation/reports/git_activity.md', 'automation/outputs/pm/risk_log.md', 'automation/reports/daily_report.md']; notes=已更新 Git 活动、风险日志与日报（含排期偏差）
[2026-03-07T22:50:02+08:00] artifacts=['automation/reports/git_activity.md', 'automation/outputs/pm/risk_log.md', 'automation/reports/daily_report.md']; notes=已更新 Git 活动、风险日志与日报（含排期偏差）
[2026-03-07T22:51:06+08:00] artifacts=['automation/reports/git_activity.md', 'automation/outputs/pm/risk_log.md', 'automation/reports/daily_report.md']; notes=已更新 Git 活动、风险日志与日报（含质量闸门和证据链）
[2026-03-07T22:54:25+08:00] artifacts=['automation/reports/git_activity.md', 'automation/outputs/pm/risk_log.md', 'automation/reports/daily_report.md']; notes=已更新 Git 活动、风险日志与日报（含质量闸门和证据链）
[2026-03-07T23:00:02+08:00] artifacts=['automation/reports/git_activity.md', 'automation/outputs/pm/risk_log.md', 'automation/reports/daily_report.md']; notes=已更新 Git 活动、风险日志与日报（含质量闸门和证据链）
[2026-03-07T23:00:02+08:00] artifacts=['automation/reports/git_activity.md', 'automation/outputs/pm/risk_log.md', 'automation/reports/daily_report.md']; notes=已更新 Git 活动、风险日志与日报（含质量闸门和证据链）
[2026-03-07T23:07:58+08:00] artifacts=['automation/reports/git_activity.md', 'work/pm/risk_log.md', 'automation/reports/daily_report.md']; notes=已更新 Git 活动、风险日志与日报（含质量闸门和证据链）
[2026-03-07T23:08:38+08:00] artifacts=['automation/reports/git_activity.md', 'work/pm/risk_log.md', 'automation/reports/daily_report.md']; notes=已更新 Git 活动、风险日志与日报（含质量闸门和证据链）
[2026-03-07T23:09:06+08:00] artifacts=['automation/reports/git_activity.md', 'work/pm/risk_log.md', 'automation/reports/daily_report.md']; notes=已更新 Git 活动、风险日志与日报（含质量闸门和证据链）
[2026-03-07T23:10:01+08:00] artifacts=['automation/reports/git_activity.md', 'work/pm/risk_log.md', 'automation/reports/daily_report.md']; notes=已更新 Git 活动、风险日志与日报（含质量闸门和证据链）
[2026-03-07T23:14:33+08:00] artifacts=['automation/reports/git_activity.md', 'work/pm/risk_log.md', 'automation/reports/daily_report.md', 'work/pm/commit_frequency_check.json']; notes=已更新 Git 活动、风险日志、日报与提交频率检查
[2026-03-07T23:14:59+08:00] artifacts=['automation/reports/git_activity.md', 'work/pm/risk_log.md', 'automation/reports/daily_report.md', 'work/pm/commit_frequency_check.json']; notes=已更新 Git 活动、风险日志、日报与提交频率检查
[2026-03-07T23:16:08+08:00] artifacts=['automation/reports/git_activity.md', 'work/pm/risk_log.md', 'automation/reports/daily_report.md', 'work/pm/commit_frequency_check.json']; notes=已更新 Git 活动、风险日志、日报与提交频率检查
[2026-03-07T23:16:42+08:00] artifacts=['automation/reports/git_activity.md', 'work/pm/risk_log.md', 'automation/reports/daily_report.md', 'work/pm/commit_frequency_check.json']; notes=已更新 Git 活动、风险日志、日报与提交频率检查
[2026-03-07T23:20:01+08:00] artifacts=['automation/reports/git_activity.md', 'work/pm/risk_log.md', 'automation/reports/daily_report.md', 'work/pm/commit_frequency_check.json']; notes=已更新 Git 活动、风险日志、日报与提交频率检查
[2026-03-07T23:25:18+08:00] artifacts=['automation/reports/git_activity.md', 'work/pm/risk_log.md', 'automation/reports/daily_report.md', 'work/pm/commit_frequency_check.json']; notes=已更新 Git 活动、风险日志、日报与提交频率检查
[2026-03-07T23:30:01+08:00] artifacts=['automation/reports/git_activity.md', 'work/pm/risk_log.md', 'automation/reports/daily_report.md', 'work/pm/commit_frequency_check.json']; notes=已更新 Git 活动、风险日志、日报与提交频率检查
[2026-03-07T23:40:01+08:00] artifacts=['automation/reports/git_activity.md', 'work/pm/risk_log.md', 'automation/reports/daily_report.md', 'work/pm/commit_frequency_check.json']; notes=已更新 Git 活动、风险日志、日报与提交频率检查
[2026-03-07T23:41:53+08:00] artifacts=['automation/reports/git_activity.md', 'work/pm/risk_log.md', 'automation/reports/daily_report.md', 'work/pm/commit_frequency_check.json']; notes=已更新 Git 活动、风险日志、日报与提交频率检查
[2026-03-08T00:00:01+08:00] artifacts=['automation/reports/git_activity.md', 'work/pm/risk_log.md', 'automation/reports/daily_report.md', 'work/pm/commit_frequency_check.json']; notes=已更新 Git 活动、风险日志、日报与提交频率检查
